<?xml version="1.0" encoding="UTF-8"?>
<!-- Generated by org.testng.reporters.JUnitXMLReporter -->
<testsuite ignored="0" hostname="Win10-2-215" failures="0" tests="8" name="Default test" time="18.173" errors="0" timestamp="2022-01-21T18:47:44 IST">
  <testcase classname="restassuredtestcases.Assignment8" name="testGetSingleResources" time="4.103"/>
  <testcase classname="restassuredtestcases.Assignment8" name="testGetSingleResourcesNotFound" time="1.008"/>
  <testcase classname="restassuredtestcases.Assignment8" name="testGetSingleUserNotFound" time="1.022"/>
  <testcase classname="restassuredtestcases.Assignment8" name="testGetlistResources" time="0.937"/>
  <testcase classname="restassuredtestcases.Assignment8" name="validatePostLoginUnsuccessful" time="1.955"/>
  <testcase classname="restassuredtestcases.Assignment8" name="validatePostRegisterSuccessful" time="0.99"/>
  <testcase classname="restassuredtestcases.Assignment8" name="validatePostRegisterUnSuccessful" time="0.971"/>
  <testcase classname="restassuredtestcases.Assignment8" name="validationOfCompleteFlow" time="7.027"/>
</testsuite> <!-- Default test -->
