<?xml version="1.0" encoding="UTF-8"?>
<testng-results ignored="0" total="8" passed="8" failed="0" skipped="0">
  <reporter-output>
  </reporter-output>
  <suite started-at="2022-01-21T18:47:26 IST" name="Default suite" finished-at="2022-01-21T18:47:44 IST" duration-ms="18173">
    <groups>
    </groups>
    <test started-at="2022-01-21T18:47:26 IST" name="Default test" finished-at="2022-01-21T18:47:44 IST" duration-ms="18173">
      <class name="restassuredtestcases.Assignment8">
        <test-method signature="testGetSingleResources()[pri:0, instance:restassuredtestcases.Assignment8@223aa2f7]" started-at="2022-01-21T18:47:26 IST" name="testGetSingleResources" finished-at="2022-01-21T18:47:30 IST" duration-ms="4103" status="PASS">
          <reporter-output>
          </reporter-output>
        </test-method> <!-- testGetSingleResources -->
        <test-method signature="testGetSingleResourcesNotFound()[pri:0, instance:restassuredtestcases.Assignment8@223aa2f7]" started-at="2022-01-21T18:47:30 IST" name="testGetSingleResourcesNotFound" finished-at="2022-01-21T18:47:31 IST" duration-ms="1008" status="PASS">
          <reporter-output>
          </reporter-output>
        </test-method> <!-- testGetSingleResourcesNotFound -->
        <test-method signature="testGetSingleUserNotFound()[pri:0, instance:restassuredtestcases.Assignment8@223aa2f7]" started-at="2022-01-21T18:47:31 IST" name="testGetSingleUserNotFound" finished-at="2022-01-21T18:47:32 IST" duration-ms="1022" status="PASS">
          <reporter-output>
          </reporter-output>
        </test-method> <!-- testGetSingleUserNotFound -->
        <test-method signature="testGetlistResources()[pri:0, instance:restassuredtestcases.Assignment8@223aa2f7]" started-at="2022-01-21T18:47:32 IST" name="testGetlistResources" finished-at="2022-01-21T18:47:33 IST" duration-ms="937" status="PASS">
          <reporter-output>
          </reporter-output>
        </test-method> <!-- testGetlistResources -->
        <test-method signature="validatePostLoginUnsuccessful()[pri:0, instance:restassuredtestcases.Assignment8@223aa2f7]" started-at="2022-01-21T18:47:33 IST" name="validatePostLoginUnsuccessful" finished-at="2022-01-21T18:47:35 IST" duration-ms="1955" status="PASS">
          <reporter-output>
          </reporter-output>
        </test-method> <!-- validatePostLoginUnsuccessful -->
        <test-method signature="validatePostRegisterSuccessful()[pri:0, instance:restassuredtestcases.Assignment8@223aa2f7]" started-at="2022-01-21T18:47:35 IST" name="validatePostRegisterSuccessful" finished-at="2022-01-21T18:47:36 IST" duration-ms="990" status="PASS">
          <reporter-output>
          </reporter-output>
        </test-method> <!-- validatePostRegisterSuccessful -->
        <test-method signature="validatePostRegisterUnSuccessful()[pri:0, instance:restassuredtestcases.Assignment8@223aa2f7]" started-at="2022-01-21T18:47:36 IST" name="validatePostRegisterUnSuccessful" finished-at="2022-01-21T18:47:37 IST" duration-ms="971" status="PASS">
          <reporter-output>
          </reporter-output>
        </test-method> <!-- validatePostRegisterUnSuccessful -->
        <test-method signature="validationOfCompleteFlow()[pri:0, instance:restassuredtestcases.Assignment8@223aa2f7]" started-at="2022-01-21T18:47:37 IST" name="validationOfCompleteFlow" finished-at="2022-01-21T18:47:44 IST" duration-ms="7027" status="PASS">
          <reporter-output>
          </reporter-output>
        </test-method> <!-- validationOfCompleteFlow -->
      </class> <!-- restassuredtestcases.Assignment8 -->
    </test> <!-- Default test -->
  </suite> <!-- Default suite -->
</testng-results>
